  audio_modem.cpp
  buffer.cpp
  file_manager.cpp
  fsk.cpp
  main.cpp
  main_window.cpp
  modm_device.cpp
  packet.cpp
  qpsk.cpp
  utils.cpp
C:\Users\KANG HYEONMO\source\repos\AudioModem\include\audio_modem.h(5,10): fatal  error C1083: 포함 파일을 열 수 없습니다. 'portaudio.h': No such file or directory (소스 파일 컴파일 중 src\audio_modem.cpp)
C:\Users\KANG HYEONMO\source\repos\AudioModem\src\file_manager.cpp(6,7): error C2665: 'std::vector<std::pair<time_t,packet *>,std::allocator<std::pair<time_t,packet *>>>::push_back': 모든 인수 형식을 변환할 수 있는 오버로드된 함수가 없습니다.
C:\Program Files\Microsoft Visual Studio\2022\Community\VC\Tools\MSVC\14.37.32822\include\vector(876,23): message : 'void std::vector<std::pair<time_t,packet *>,std::allocator<std::pair<time_t,packet *>>>::push_back(_Ty &&)'일 수 있습니다.
          with
          [
              _Ty=std::pair<time_t,packet *>
          ] (소스 파일 컴파일 중 src\file_manager.cpp)
C:\Users\KANG HYEONMO\source\repos\AudioModem\src\file_manager.cpp(6,7): message : 'void std::vector<std::pair<time_t,packet *>,std::allocator<std::pair<time_t,packet *>>>::push_back(_Ty &&)': 인수 1을(를) 'packet *'에서 '_Ty &&'(으)로 변환할 수 없습니다.
          with
          [
              _Ty=std::pair<time_t,packet *>
          ]
C:\Users\KANG HYEONMO\source\repos\AudioModem\src\file_manager.cpp(6,18): message : 원인: 'packet *'에서 '_Ty'(으)로 변환할 수 없습니다.
          with
          [
              _Ty=std::pair<time_t,packet *>
          ]
C:\Users\KANG HYEONMO\source\repos\AudioModem\src\file_manager.cpp(6,18): message : 'std::pair<time_t,packet *>::pair': 모든 인수 형식을 변환할 수 있는 오버로드된 함수가 없습니다.
C:\Program Files\Microsoft Visual Studio\2022\Community\VC\Tools\MSVC\14.37.32822\include\utility(246,5): message : 'std::pair<time_t,packet *>::pair(std::pair<time_t,packet *> &&)'일 수 있습니다. (소스 파일 컴파일 중 src\file_manager.cpp)
C:\Users\KANG HYEONMO\source\repos\AudioModem\src\file_manager.cpp(6,18): message : 'std::pair<time_t,packet *>::pair(std::pair<time_t,packet *> &&)': 인수 1을(를) 'packet *'에서 'std::pair<time_t,packet *> &&'(으)로 변환할 수 없습니다.
C:\Users\KANG HYEONMO\source\repos\AudioModem\src\file_manager.cpp(6,18): message : 원인: 'packet *'에서 'std::pair<time_t,packet *>'(으)로 변환할 수 없습니다.
C:\Users\KANG HYEONMO\source\repos\AudioModem\src\file_manager.cpp(6,18): message : 변환하려면 둘째 사용자 정의 변환 연산자 또는 생성자가 있어야 합니다.
C:\Program Files\Microsoft Visual Studio\2022\Community\VC\Tools\MSVC\14.37.32822\include\utility(245,5): message : 또는       'std::pair<time_t,packet *>::pair(const std::pair<time_t,packet *> &)' (소스 파일 컴파일 중 src\file_manager.cpp)
C:\Users\KANG HYEONMO\source\repos\AudioModem\src\file_manager.cpp(6,18): message : 'std::pair<time_t,packet *>::pair(const std::pair<time_t,packet *> &)': 인수 1을(를) 'packet *'에서 'const std::pair<time_t,packet *> &'(으)로 변환할 수 없습니다.
C:\Users\KANG HYEONMO\source\repos\AudioModem\src\file_manager.cpp(6,18): message : 원인: 'packet *'에서 'const std::pair<time_t,packet *>'(으)로 변환할 수 없습니다.
C:\Users\KANG HYEONMO\source\repos\AudioModem\src\file_manager.cpp(6,18): message : 변환하려면 둘째 사용자 정의 변환 연산자 또는 생성자가 있어야 합니다.
C:\Program Files\Microsoft Visual Studio\2022\Community\VC\Tools\MSVC\14.37.32822\include\utility(304,5): message : 또는       'std::pair<time_t,packet *>::pair(std::piecewise_construct_t,std::tuple<_Types1...>,std::tuple<_Types2...>)' (소스 파일 컴파일 중 src\file_manager.cpp)
C:\Program Files\Microsoft Visual Studio\2022\Community\VC\Tools\MSVC\14.37.32822\include\utility(300,5): message : 또는       'std::pair<time_t,packet *>::pair(_Tuple1 &,_Tuple2 &,std::integer_sequence<size_t,_Indices1...>,std::integer_sequence<size_t,_Indices2...>)' (소스 파일 컴파일 중 src\file_manager.cpp)
C:\Program Files\Microsoft Visual Studio\2022\Community\VC\Tools\MSVC\14.37.32822\include\utility(267,5): message : 또는       'std::pair<time_t,packet *>::pair(std::pair<_Other1,_Other2> &&) noexcept(<expr>)' (소스 파일 컴파일 중 src\file_manager.cpp)
C:\Program Files\Microsoft Visual Studio\2022\Community\VC\Tools\MSVC\14.37.32822\include\utility(260,5): message : 또는       'std::pair<time_t,packet *>::pair(const std::pair<_Other1,_Other2> &) noexcept(<expr>)' (소스 파일 컴파일 중 src\file_manager.cpp)
C:\Program Files\Microsoft Visual Studio\2022\Community\VC\Tools\MSVC\14.37.32822\include\utility(239,5): message : 또는       'std::pair<time_t,packet *>::pair(_Other1 &&,_Other2 &&) noexcept(<expr>)' (소스 파일 컴파일 중 src\file_manager.cpp)
C:\Program Files\Microsoft Visual Studio\2022\Community\VC\Tools\MSVC\14.37.32822\include\utility(228,5): message : 또는       'std::pair<time_t,packet *>::pair(const _Ty1 &,const _Ty2 &) noexcept(<expr>)'
          with
          [
              _Ty1=time_t,
              _Ty2=packet *
          ] (소스 파일 컴파일 중 src\file_manager.cpp)
C:\Program Files\Microsoft Visual Studio\2022\Community\VC\Tools\MSVC\14.37.32822\include\utility(220,5): message : 또는       'std::pair<time_t,packet *>::pair(void) noexcept(<expr>)' (소스 파일 컴파일 중 src\file_manager.cpp)
C:\Users\KANG HYEONMO\source\repos\AudioModem\src\file_manager.cpp(6,18): message : 인수 목록 '(packet *)'을(를) 일치시키는 동안
C:\Program Files\Microsoft Visual Studio\2022\Community\VC\Tools\MSVC\14.37.32822\include\vector(872,23): message : 또는       'void std::vector<std::pair<time_t,packet *>,std::allocator<std::pair<time_t,packet *>>>::push_back(const _Ty &)'
          with
          [
              _Ty=std::pair<time_t,packet *>
          ] (소스 파일 컴파일 중 src\file_manager.cpp)
C:\Users\KANG HYEONMO\source\repos\AudioModem\src\file_manager.cpp(6,7): message : 'void std::vector<std::pair<time_t,packet *>,std::allocator<std::pair<time_t,packet *>>>::push_back(const _Ty &)': 인수 1을(를) 'packet *'에서 'const _Ty &'(으)로 변환할 수 없습니다.
          with
          [
              _Ty=std::pair<time_t,packet *>
          ]
C:\Users\KANG HYEONMO\source\repos\AudioModem\src\file_manager.cpp(6,18): message : 원인: 'packet *'에서 'const _Ty'(으)로 변환할 수 없습니다.
          with
          [
              _Ty=std::pair<time_t,packet *>
          ]
C:\Users\KANG HYEONMO\source\repos\AudioModem\src\file_manager.cpp(6,18): message : 'std::pair<time_t,packet *>::pair': 모든 인수 형식을 변환할 수 있는 오버로드된 함수가 없습니다.
C:\Program Files\Microsoft Visual Studio\2022\Community\VC\Tools\MSVC\14.37.32822\include\utility(246,5): message : 'std::pair<time_t,packet *>::pair(std::pair<time_t,packet *> &&)'일 수 있습니다. (소스 파일 컴파일 중 src\file_manager.cpp)
C:\Users\KANG HYEONMO\source\repos\AudioModem\src\file_manager.cpp(6,18): message : 'std::pair<time_t,packet *>::pair(std::pair<time_t,packet *> &&)': 인수 1을(를) 'packet *'에서 'std::pair<time_t,packet *> &&'(으)로 변환할 수 없습니다.
C:\Users\KANG HYEONMO\source\repos\AudioModem\src\file_manager.cpp(6,18): message : 원인: 'packet *'에서 'std::pair<time_t,packet *>'(으)로 변환할 수 없습니다.
C:\Users\KANG HYEONMO\source\repos\AudioModem\src\file_manager.cpp(6,18): message : 변환하려면 둘째 사용자 정의 변환 연산자 또는 생성자가 있어야 합니다.
C:\Program Files\Microsoft Visual Studio\2022\Community\VC\Tools\MSVC\14.37.32822\include\utility(245,5): message : 또는       'std::pair<time_t,packet *>::pair(const std::pair<time_t,packet *> &)' (소스 파일 컴파일 중 src\file_manager.cpp)
C:\Users\KANG HYEONMO\source\repos\AudioModem\src\file_manager.cpp(6,18): message : 'std::pair<time_t,packet *>::pair(const std::pair<time_t,packet *> &)': 인수 1을(를) 'packet *'에서 'const std::pair<time_t,packet *> &'(으)로 변환할 수 없습니다.
C:\Users\KANG HYEONMO\source\repos\AudioModem\src\file_manager.cpp(6,18): message : 원인: 'packet *'에서 'const std::pair<time_t,packet *>'(으)로 변환할 수 없습니다.
C:\Users\KANG HYEONMO\source\repos\AudioModem\src\file_manager.cpp(6,18): message : 변환하려면 둘째 사용자 정의 변환 연산자 또는 생성자가 있어야 합니다.
C:\Program Files\Microsoft Visual Studio\2022\Community\VC\Tools\MSVC\14.37.32822\include\utility(304,5): message : 또는       'std::pair<time_t,packet *>::pair(std::piecewise_construct_t,std::tuple<_Types1...>,std::tuple<_Types2...>)' (소스 파일 컴파일 중 src\file_manager.cpp)
C:\Program Files\Microsoft Visual Studio\2022\Community\VC\Tools\MSVC\14.37.32822\include\utility(300,5): message : 또는       'std::pair<time_t,packet *>::pair(_Tuple1 &,_Tuple2 &,std::integer_sequence<size_t,_Indices1...>,std::integer_sequence<size_t,_Indices2...>)' (소스 파일 컴파일 중 src\file_manager.cpp)
C:\Program Files\Microsoft Visual Studio\2022\Community\VC\Tools\MSVC\14.37.32822\include\utility(267,5): message : 또는       'std::pair<time_t,packet *>::pair(std::pair<_Other1,_Other2> &&) noexcept(<expr>)' (소스 파일 컴파일 중 src\file_manager.cpp)
C:\Program Files\Microsoft Visual Studio\2022\Community\VC\Tools\MSVC\14.37.32822\include\utility(260,5): message : 또는       'std::pair<time_t,packet *>::pair(const std::pair<_Other1,_Other2> &) noexcept(<expr>)' (소스 파일 컴파일 중 src\file_manager.cpp)
C:\Program Files\Microsoft Visual Studio\2022\Community\VC\Tools\MSVC\14.37.32822\include\utility(239,5): message : 또는       'std::pair<time_t,packet *>::pair(_Other1 &&,_Other2 &&) noexcept(<expr>)' (소스 파일 컴파일 중 src\file_manager.cpp)
C:\Program Files\Microsoft Visual Studio\2022\Community\VC\Tools\MSVC\14.37.32822\include\utility(228,5): message : 또는       'std::pair<time_t,packet *>::pair(const _Ty1 &,const _Ty2 &) noexcept(<expr>)'
          with
          [
              _Ty1=time_t,
              _Ty2=packet *
          ] (소스 파일 컴파일 중 src\file_manager.cpp)
C:\Program Files\Microsoft Visual Studio\2022\Community\VC\Tools\MSVC\14.37.32822\include\utility(220,5): message : 또는       'std::pair<time_t,packet *>::pair(void) noexcept(<expr>)' (소스 파일 컴파일 중 src\file_manager.cpp)
C:\Users\KANG HYEONMO\source\repos\AudioModem\src\file_manager.cpp(6,18): message : 인수 목록 '(packet *)'을(를) 일치시키는 동안
C:\Users\KANG HYEONMO\source\repos\AudioModem\src\file_manager.cpp(6,7): message : 인수 목록 '(packet *)'을(를) 일치시키는 동안
C:\Users\KANG HYEONMO\source\repos\AudioModem\include\main_window.h(3,10): fatal  error C1083: 포함 파일을 열 수 없습니다. 'QApplication': No such file or directory (소스 파일 컴파일 중 src\main_window.cpp)
C:\Users\KANG HYEONMO\source\repos\AudioModem\include\main_window.h(3,10): fatal  error C1083: 포함 파일을 열 수 없습니다. 'QApplication': No such file or directory (소스 파일 컴파일 중 src\main.cpp)
